Determining if the pthread_create exist failed with the following output:
Change Dir: /home/paperspace/Documents/AFH_SS_project/Open Source/evaluate_SWCD_SS/SWCD_SS/cmake-build-debug/CMakeFiles/CMakeTmp

Run Build Command:"/usr/bin/make" "cmTC_4511b/fast"
/usr/bin/make -f CMakeFiles/cmTC_4511b.dir/build.make CMakeFiles/cmTC_4511b.dir/build
make[1]: Entering directory '/home/paperspace/Documents/AFH_SS_project/Open Source/evaluate_SWCD_SS/SWCD_SS/cmake-build-debug/CMakeFiles/CMakeTmp'
Building C object CMakeFiles/cmTC_4511b.dir/CheckSymbolExists.c.o
/usr/bin/cc    -o CMakeFiles/cmTC_4511b.dir/CheckSymbolExists.c.o   -c "/home/paperspace/Documents/AFH_SS_project/Open Source/evaluate_SWCD_SS/SWCD_SS/cmake-build-debug/CMakeFiles/CMakeTmp/CheckSymbolExists.c"
Linking C executable cmTC_4511b
/home/paperspace/.local/share/JetBrains/Toolbox/apps/CLion/ch-0/183.5153.40/bin/cmake/linux/bin/cmake -E cmake_link_script CMakeFiles/cmTC_4511b.dir/link.txt --verbose=1
/usr/bin/cc      CMakeFiles/cmTC_4511b.dir/CheckSymbolExists.c.o  -o cmTC_4511b 
CMakeFiles/cmTC_4511b.dir/CheckSymbolExists.c.o: In function `main':
CheckSymbolExists.c:(.text+0x1b): undefined reference to `pthread_create'
collect2: error: ld returned 1 exit status
CMakeFiles/cmTC_4511b.dir/build.make:86: recipe for target 'cmTC_4511b' failed
make[1]: *** [cmTC_4511b] Error 1
make[1]: Leaving directory '/home/paperspace/Documents/AFH_SS_project/Open Source/evaluate_SWCD_SS/SWCD_SS/cmake-build-debug/CMakeFiles/CMakeTmp'
Makefile:121: recipe for target 'cmTC_4511b/fast' failed
make: *** [cmTC_4511b/fast] Error 2

File /home/paperspace/Documents/AFH_SS_project/Open Source/evaluate_SWCD_SS/SWCD_SS/cmake-build-debug/CMakeFiles/CMakeTmp/CheckSymbolExists.c:
/* */
#include <pthread.h>

int main(int argc, char** argv)
{
  (void)argv;
#ifndef pthread_create
  return ((int*)(&pthread_create))[argc];
#else
  (void)argc;
  return 0;
#endif
}

Determining if the function pthread_create exists in the pthreads failed with the following output:
Change Dir: /home/paperspace/Documents/AFH_SS_project/Open Source/evaluate_SWCD_SS/SWCD_SS/cmake-build-debug/CMakeFiles/CMakeTmp

Run Build Command:"/usr/bin/make" "cmTC_60cb5/fast"
/usr/bin/make -f CMakeFiles/cmTC_60cb5.dir/build.make CMakeFiles/cmTC_60cb5.dir/build
make[1]: Entering directory '/home/paperspace/Documents/AFH_SS_project/Open Source/evaluate_SWCD_SS/SWCD_SS/cmake-build-debug/CMakeFiles/CMakeTmp'
Building C object CMakeFiles/cmTC_60cb5.dir/CheckFunctionExists.c.o
/usr/bin/cc   -DCHECK_FUNCTION_EXISTS=pthread_create   -o CMakeFiles/cmTC_60cb5.dir/CheckFunctionExists.c.o   -c /home/paperspace/.local/share/JetBrains/Toolbox/apps/CLion/ch-0/183.5153.40/bin/cmake/linux/share/cmake-3.13/Modules/CheckFunctionExists.c
Linking C executable cmTC_60cb5
/home/paperspace/.local/share/JetBrains/Toolbox/apps/CLion/ch-0/183.5153.40/bin/cmake/linux/bin/cmake -E cmake_link_script CMakeFiles/cmTC_60cb5.dir/link.txt --verbose=1
/usr/bin/cc  -DCHECK_FUNCTION_EXISTS=pthread_create    CMakeFiles/cmTC_60cb5.dir/CheckFunctionExists.c.o  -o cmTC_60cb5 -lpthreads 
/usr/bin/ld: cannot find -lpthreads
collect2: error: ld returned 1 exit status
CMakeFiles/cmTC_60cb5.dir/build.make:86: recipe for target 'cmTC_60cb5' failed
make[1]: *** [cmTC_60cb5] Error 1
make[1]: Leaving directory '/home/paperspace/Documents/AFH_SS_project/Open Source/evaluate_SWCD_SS/SWCD_SS/cmake-build-debug/CMakeFiles/CMakeTmp'
Makefile:121: recipe for target 'cmTC_60cb5/fast' failed
make: *** [cmTC_60cb5/fast] Error 2


